{"/Users/jsilvli/clases/team-api/src/business-logic/club/create.js": {"path":"/Users/jsilvli/clases/team-api/src/business-logic/club/create.js","statementMap":{"0":{"start":{"line":7,"column":20},"end":{"line":7,"column":57}},"1":{"start":{"line":9,"column":2},"end":{"line":11,"column":3}},"2":{"start":{"line":10,"column":4},"end":{"line":10,"column":68}},"3":{"start":{"line":15,"column":45},"end":{"line":15,"column":49}},"4":{"start":{"line":17,"column":2},"end":{"line":17,"column":36}},"5":{"start":{"line":19,"column":15},"end":{"line":19,"column":80}},"6":{"start":{"line":20,"column":2},"end":{"line":20,"column":14}}},"fnMap":{"0":{"name":"checkClubAdmin","decl":{"start":{"line":6,"column":15},"end":{"line":6,"column":29}},"loc":{"start":{"line":6,"column":43},"end":{"line":12,"column":1}},"line":6},"1":{"name":"create","decl":{"start":{"line":14,"column":15},"end":{"line":14,"column":21}},"loc":{"start":{"line":14,"column":28},"end":{"line":21,"column":1}},"line":14}},"branchMap":{"0":{"loc":{"start":{"line":9,"column":2},"end":{"line":11,"column":3}},"type":"if","locations":[{"start":{"line":9,"column":2},"end":{"line":11,"column":3}},{"start":{},"end":{}}],"line":9}},"s":{"0":0,"1":0,"2":0,"3":0,"4":0,"5":0,"6":0},"f":{"0":0,"1":0},"b":{"0":[0,0]}}
,"/Users/jsilvli/clases/team-api/src/business-logic/club/index.js": {"path":"/Users/jsilvli/clases/team-api/src/business-logic/club/index.js","statementMap":{},"fnMap":{},"branchMap":{},"s":{},"f":{},"b":{}}
,"/Users/jsilvli/clases/team-api/src/business-logic/club/list.js": {"path":"/Users/jsilvli/clases/team-api/src/business-logic/club/list.js","statementMap":{"0":{"start":{"line":4,"column":16},"end":{"line":4,"column":74}},"1":{"start":{"line":5,"column":2},"end":{"line":5,"column":15}}},"fnMap":{"0":{"name":"list","decl":{"start":{"line":3,"column":15},"end":{"line":3,"column":19}},"loc":{"start":{"line":3,"column":22},"end":{"line":6,"column":1}},"line":3}},"branchMap":{},"s":{"0":0,"1":0},"f":{"0":0},"b":{}}
,"/Users/jsilvli/clases/team-api/src/business-logic/member/create.js": {"path":"/Users/jsilvli/clases/team-api/src/business-logic/member/create.js","statementMap":{"0":{"start":{"line":7,"column":15},"end":{"line":7,"column":47}},"1":{"start":{"line":9,"column":2},"end":{"line":11,"column":3}},"2":{"start":{"line":10,"column":4},"end":{"line":10,"column":69}},"3":{"start":{"line":15,"column":21},"end":{"line":15,"column":25}},"4":{"start":{"line":17,"column":2},"end":{"line":17,"column":32}},"5":{"start":{"line":19,"column":17},"end":{"line":19,"column":47}},"6":{"start":{"line":20,"column":2},"end":{"line":20,"column":16}}},"fnMap":{"0":{"name":"checkClubExists","decl":{"start":{"line":6,"column":15},"end":{"line":6,"column":30}},"loc":{"start":{"line":6,"column":39},"end":{"line":12,"column":1}},"line":6},"1":{"name":"create","decl":{"start":{"line":14,"column":15},"end":{"line":14,"column":21}},"loc":{"start":{"line":14,"column":28},"end":{"line":21,"column":1}},"line":14}},"branchMap":{"0":{"loc":{"start":{"line":9,"column":2},"end":{"line":11,"column":3}},"type":"if","locations":[{"start":{"line":9,"column":2},"end":{"line":11,"column":3}},{"start":{},"end":{}}],"line":9}},"s":{"0":0,"1":0,"2":0,"3":0,"4":0,"5":0,"6":0},"f":{"0":0,"1":0},"b":{"0":[0,0]}}
,"/Users/jsilvli/clases/team-api/src/business-logic/member/index.js": {"path":"/Users/jsilvli/clases/team-api/src/business-logic/member/index.js","statementMap":{},"fnMap":{},"branchMap":{},"s":{},"f":{},"b":{}}
,"/Users/jsilvli/clases/team-api/src/business-logic/member/list-by-club.js": {"path":"/Users/jsilvli/clases/team-api/src/business-logic/member/list-by-club.js","statementMap":{"0":{"start":{"line":4,"column":18},"end":{"line":4,"column":52}},"1":{"start":{"line":5,"column":2},"end":{"line":5,"column":17}}},"fnMap":{"0":{"name":"listByClub","decl":{"start":{"line":3,"column":15},"end":{"line":3,"column":25}},"loc":{"start":{"line":3,"column":34},"end":{"line":6,"column":1}},"line":3}},"branchMap":{},"s":{"0":0,"1":0},"f":{"0":0},"b":{}}
,"/Users/jsilvli/clases/team-api/src/business-logic/users/index.js": {"path":"/Users/jsilvli/clases/team-api/src/business-logic/users/index.js","statementMap":{},"fnMap":{},"branchMap":{},"s":{},"f":{},"b":{}}
,"/Users/jsilvli/clases/team-api/src/business-logic/users/list.js": {"path":"/Users/jsilvli/clases/team-api/src/business-logic/users/list.js","statementMap":{"0":{"start":{"line":4,"column":16},"end":{"line":4,"column":40}},"1":{"start":{"line":5,"column":2},"end":{"line":5,"column":15}}},"fnMap":{"0":{"name":"list","decl":{"start":{"line":3,"column":15},"end":{"line":3,"column":19}},"loc":{"start":{"line":3,"column":22},"end":{"line":6,"column":1}},"line":3}},"branchMap":{},"s":{"0":2,"1":2},"f":{"0":2},"b":{},"_coverageSchema":"1a1c01bbd47fc00a2c39e90264f33305004495a9","hash":"4f81e6a5abea6570f0cc4a6f2b81829edeb98469"}
,"/Users/jsilvli/clases/team-api/src/controllers/club/add-member.controller.js": {"path":"/Users/jsilvli/clases/team-api/src/controllers/club/add-member.controller.js","statementMap":{"0":{"start":{"line":6,"column":2},"end":{"line":15,"column":3}},"1":{"start":{"line":7,"column":29},"end":{"line":7,"column":32}},"2":{"start":{"line":8,"column":4},"end":{"line":8,"column":44}},"3":{"start":{"line":10,"column":19},"end":{"line":10,"column":79}},"4":{"start":{"line":12,"column":4},"end":{"line":12,"column":32}},"5":{"start":{"line":14,"column":4},"end":{"line":14,"column":47}}},"fnMap":{"0":{"name":"addMember","decl":{"start":{"line":5,"column":15},"end":{"line":5,"column":24}},"loc":{"start":{"line":5,"column":35},"end":{"line":16,"column":1}},"line":5}},"branchMap":{},"s":{"0":0,"1":0,"2":0,"3":0,"4":0,"5":0},"f":{"0":0},"b":{}}
,"/Users/jsilvli/clases/team-api/src/controllers/club/create.controller.js": {"path":"/Users/jsilvli/clases/team-api/src/controllers/club/create.controller.js","statementMap":{"0":{"start":{"line":6,"column":2},"end":{"line":17,"column":3}},"1":{"start":{"line":7,"column":21},"end":{"line":7,"column":24}},"2":{"start":{"line":8,"column":4},"end":{"line":8,"column":47}},"3":{"start":{"line":10,"column":24},"end":{"line":10,"column":50}},"4":{"start":{"line":12,"column":17},"end":{"line":12,"column":65}},"5":{"start":{"line":14,"column":4},"end":{"line":14,"column":30}},"6":{"start":{"line":16,"column":4},"end":{"line":16,"column":47}}},"fnMap":{"0":{"name":"create","decl":{"start":{"line":5,"column":15},"end":{"line":5,"column":21}},"loc":{"start":{"line":5,"column":32},"end":{"line":18,"column":1}},"line":5}},"branchMap":{},"s":{"0":0,"1":0,"2":0,"3":0,"4":0,"5":0,"6":0},"f":{"0":0},"b":{}}
,"/Users/jsilvli/clases/team-api/src/controllers/club/index.js": {"path":"/Users/jsilvli/clases/team-api/src/controllers/club/index.js","statementMap":{},"fnMap":{},"branchMap":{},"s":{},"f":{},"b":{}}
,"/Users/jsilvli/clases/team-api/src/controllers/club/list-members.controller.js": {"path":"/Users/jsilvli/clases/team-api/src/controllers/club/list-members.controller.js","statementMap":{"0":{"start":{"line":5,"column":2},"end":{"line":13,"column":3}},"1":{"start":{"line":6,"column":23},"end":{"line":6,"column":33}},"2":{"start":{"line":8,"column":20},"end":{"line":8,"column":56}},"3":{"start":{"line":10,"column":4},"end":{"line":10,"column":33}},"4":{"start":{"line":12,"column":4},"end":{"line":12,"column":47}}},"fnMap":{"0":{"name":"listMembers","decl":{"start":{"line":4,"column":15},"end":{"line":4,"column":26}},"loc":{"start":{"line":4,"column":37},"end":{"line":14,"column":1}},"line":4}},"branchMap":{},"s":{"0":0,"1":0,"2":0,"3":0,"4":0},"f":{"0":0},"b":{}}
,"/Users/jsilvli/clases/team-api/src/controllers/club/list.controller.js": {"path":"/Users/jsilvli/clases/team-api/src/controllers/club/list.controller.js","statementMap":{"0":{"start":{"line":5,"column":2},"end":{"line":11,"column":3}},"1":{"start":{"line":6,"column":18},"end":{"line":6,"column":40}},"2":{"start":{"line":8,"column":4},"end":{"line":8,"column":31}},"3":{"start":{"line":10,"column":4},"end":{"line":10,"column":47}}},"fnMap":{"0":{"name":"list","decl":{"start":{"line":4,"column":15},"end":{"line":4,"column":19}},"loc":{"start":{"line":4,"column":30},"end":{"line":12,"column":1}},"line":4}},"branchMap":{},"s":{"0":0,"1":0,"2":0,"3":0},"f":{"0":0},"b":{}}
,"/Users/jsilvli/clases/team-api/src/controllers/user/index.js": {"path":"/Users/jsilvli/clases/team-api/src/controllers/user/index.js","statementMap":{},"fnMap":{},"branchMap":{},"s":{},"f":{},"b":{}}
,"/Users/jsilvli/clases/team-api/src/controllers/user/list.controller.js": {"path":"/Users/jsilvli/clases/team-api/src/controllers/user/list.controller.js","statementMap":{"0":{"start":{"line":5,"column":2},"end":{"line":11,"column":3}},"1":{"start":{"line":6,"column":18},"end":{"line":6,"column":41}},"2":{"start":{"line":8,"column":4},"end":{"line":8,"column":43}},"3":{"start":{"line":10,"column":4},"end":{"line":10,"column":47}}},"fnMap":{"0":{"name":"list","decl":{"start":{"line":4,"column":15},"end":{"line":4,"column":19}},"loc":{"start":{"line":4,"column":30},"end":{"line":12,"column":1}},"line":4}},"branchMap":{},"s":{"0":3,"1":3,"2":2,"3":1},"f":{"0":3},"b":{},"_coverageSchema":"1a1c01bbd47fc00a2c39e90264f33305004495a9","hash":"0bde971f4f92957f14013fac7a12c5bdc4106889"}
,"/Users/jsilvli/clases/team-api/src/errors/club.errors.js": {"path":"/Users/jsilvli/clases/team-api/src/errors/club.errors.js","statementMap":{"0":{"start":{"line":3,"column":12},"end":{"line":3,"column":18}}},"fnMap":{},"branchMap":{},"s":{"0":0},"f":{},"b":{}}
,"/Users/jsilvli/clases/team-api/src/errors/common.messages.js": {"path":"/Users/jsilvli/clases/team-api/src/errors/common.messages.js","statementMap":{"0":{"start":{"line":6,"column":17},"end":{"line":6,"column":46}},"1":{"start":{"line":6,"column":26},"end":{"line":6,"column":46}},"2":{"start":{"line":14,"column":25},"end":{"line":15,"column":50}},"3":{"start":{"line":15,"column":2},"end":{"line":15,"column":50}},"4":{"start":{"line":23,"column":15},"end":{"line":23,"column":66}},"5":{"start":{"line":23,"column":34},"end":{"line":23,"column":66}}},"fnMap":{"0":{"name":"(anonymous_0)","decl":{"start":{"line":6,"column":17},"end":{"line":6,"column":18}},"loc":{"start":{"line":6,"column":26},"end":{"line":6,"column":46}},"line":6},"1":{"name":"(anonymous_1)","decl":{"start":{"line":14,"column":25},"end":{"line":14,"column":26}},"loc":{"start":{"line":15,"column":2},"end":{"line":15,"column":50}},"line":15},"2":{"name":"(anonymous_2)","decl":{"start":{"line":23,"column":15},"end":{"line":23,"column":16}},"loc":{"start":{"line":23,"column":34},"end":{"line":23,"column":66}},"line":23}},"branchMap":{},"s":{"0":0,"1":0,"2":0,"3":0,"4":0,"5":0},"f":{"0":0,"1":0,"2":0},"b":{}}
,"/Users/jsilvli/clases/team-api/src/errors/error-response.js": {"path":"/Users/jsilvli/clases/team-api/src/errors/error-response.js","statementMap":{"0":{"start":{"line":5,"column":4},"end":{"line":5,"column":12}},"1":{"start":{"line":6,"column":4},"end":{"line":6,"column":21}},"2":{"start":{"line":7,"column":4},"end":{"line":7,"column":23}},"3":{"start":{"line":8,"column":4},"end":{"line":8,"column":27}},"4":{"start":{"line":19,"column":2},"end":{"line":19,"column":19}},"5":{"start":{"line":21,"column":2},"end":{"line":24,"column":3}},"6":{"start":{"line":22,"column":27},"end":{"line":22,"column":32}},"7":{"start":{"line":23,"column":4},"end":{"line":23,"column":64}},"8":{"start":{"line":33,"column":2},"end":{"line":33,"column":59}}},"fnMap":{"0":{"name":"(anonymous_0)","decl":{"start":{"line":4,"column":2},"end":{"line":4,"column":3}},"loc":{"start":{"line":4,"column":39},"end":{"line":9,"column":3}},"line":4},"1":{"name":"returnErrorResponse","decl":{"start":{"line":18,"column":9},"end":{"line":18,"column":28}},"loc":{"start":{"line":18,"column":45},"end":{"line":34,"column":1}},"line":18}},"branchMap":{"0":{"loc":{"start":{"line":21,"column":2},"end":{"line":24,"column":3}},"type":"if","locations":[{"start":{"line":21,"column":2},"end":{"line":24,"column":3}},{"start":{},"end":{}}],"line":21}},"s":{"0":1,"1":1,"2":1,"3":1,"4":1,"5":1,"6":1,"7":1,"8":0},"f":{"0":1,"1":1},"b":{"0":[1,0]},"_coverageSchema":"1a1c01bbd47fc00a2c39e90264f33305004495a9","hash":"30f3cdce41492dbaedb5a52affe4ddf515c2de0a"}
,"/Users/jsilvli/clases/team-api/src/errors/member.errors.js": {"path":"/Users/jsilvli/clases/team-api/src/errors/member.errors.js","statementMap":{"0":{"start":{"line":3,"column":12},"end":{"line":3,"column":20}}},"fnMap":{},"branchMap":{},"s":{"0":0},"f":{},"b":{}}
,"/Users/jsilvli/clases/team-api/src/models/club/club.model.js": {"path":"/Users/jsilvli/clases/team-api/src/models/club/club.model.js","statementMap":{"0":{"start":{"line":4,"column":18},"end":{"line":4,"column":43}}},"fnMap":{},"branchMap":{},"s":{"0":0},"f":{},"b":{}}
,"/Users/jsilvli/clases/team-api/src/models/club/club.schema.js": {"path":"/Users/jsilvli/clases/team-api/src/models/club/club.schema.js","statementMap":{"0":{"start":{"line":10,"column":22},"end":{"line":23,"column":1}},"1":{"start":{"line":33,"column":19},"end":{"line":49,"column":1}}},"fnMap":{},"branchMap":{},"s":{"0":0,"1":0},"f":{},"b":{}}
,"/Users/jsilvli/clases/team-api/src/models/member/member.model.js": {"path":"/Users/jsilvli/clases/team-api/src/models/member/member.model.js","statementMap":{"0":{"start":{"line":4,"column":20},"end":{"line":4,"column":49}}},"fnMap":{},"branchMap":{},"s":{"0":0},"f":{},"b":{}}
,"/Users/jsilvli/clases/team-api/src/models/member/member.schema.js": {"path":"/Users/jsilvli/clases/team-api/src/models/member/member.schema.js","statementMap":{"0":{"start":{"line":14,"column":21},"end":{"line":44,"column":1}},"1":{"start":{"line":46,"column":0},"end":{"line":46,"column":62}}},"fnMap":{},"branchMap":{},"s":{"0":0,"1":0},"f":{},"b":{}}
,"/Users/jsilvli/clases/team-api/src/models/user/user.model.js": {"path":"/Users/jsilvli/clases/team-api/src/models/user/user.model.js","statementMap":{"0":{"start":{"line":4,"column":18},"end":{"line":4,"column":43}}},"fnMap":{},"branchMap":{},"s":{"0":1},"f":{},"b":{},"_coverageSchema":"1a1c01bbd47fc00a2c39e90264f33305004495a9","hash":"ae62d4cec67f9170d19e3f5c7678584e52eb5748"}
,"/Users/jsilvli/clases/team-api/src/models/user/user.schema.js": {"path":"/Users/jsilvli/clases/team-api/src/models/user/user.schema.js","statementMap":{"0":{"start":{"line":13,"column":19},"end":{"line":36,"column":1}},"1":{"start":{"line":42,"column":0},"end":{"line":56,"column":3}},"2":{"start":{"line":43,"column":15},"end":{"line":43,"column":19}},"3":{"start":{"line":46,"column":2},"end":{"line":48,"column":3}},"4":{"start":{"line":47,"column":4},"end":{"line":47,"column":18}},"5":{"start":{"line":51,"column":15},"end":{"line":51,"column":41}},"6":{"start":{"line":52,"column":15},"end":{"line":52,"column":57}},"7":{"start":{"line":54,"column":2},"end":{"line":54,"column":23}},"8":{"start":{"line":55,"column":2},"end":{"line":55,"column":16}},"9":{"start":{"line":64,"column":2},"end":{"line":64,"column":62}},"10":{"start":{"line":67,"column":0},"end":{"line":69,"column":2}}},"fnMap":{"0":{"name":"(anonymous_0)","decl":{"start":{"line":42,"column":23},"end":{"line":42,"column":24}},"loc":{"start":{"line":42,"column":45},"end":{"line":56,"column":1}},"line":42},"1":{"name":"comparePassword","decl":{"start":{"line":63,"column":15},"end":{"line":63,"column":30}},"loc":{"start":{"line":63,"column":50},"end":{"line":65,"column":1}},"line":63}},"branchMap":{"0":{"loc":{"start":{"line":46,"column":2},"end":{"line":48,"column":3}},"type":"if","locations":[{"start":{"line":46,"column":2},"end":{"line":48,"column":3}},{"start":{},"end":{}}],"line":46}},"s":{"0":1,"1":1,"2":0,"3":0,"4":0,"5":0,"6":0,"7":0,"8":0,"9":0,"10":1},"f":{"0":0,"1":0},"b":{"0":[0,0]},"_coverageSchema":"1a1c01bbd47fc00a2c39e90264f33305004495a9","hash":"a2ce1e25cbf79a56dc33fd648c39a58e643055f9"}
,"/Users/jsilvli/clases/team-api/src/validations/club.validations.js": {"path":"/Users/jsilvli/clases/team-api/src/validations/club.validations.js","statementMap":{"0":{"start":{"line":7,"column":33},"end":{"line":7,"column":37}},"1":{"start":{"line":8,"column":28},"end":{"line":8,"column":54}},"2":{"start":{"line":10,"column":25},"end":{"line":27,"column":4}}},"fnMap":{},"branchMap":{},"s":{"0":0,"1":0,"2":0},"f":{},"b":{}}
,"/Users/jsilvli/clases/team-api/src/validations/member.validations.js": {"path":"/Users/jsilvli/clases/team-api/src/validations/member.validations.js","statementMap":{"0":{"start":{"line":7,"column":33},"end":{"line":7,"column":37}},"1":{"start":{"line":8,"column":28},"end":{"line":8,"column":56}},"2":{"start":{"line":10,"column":22},"end":{"line":48,"column":4}}},"fnMap":{},"branchMap":{},"s":{"0":0,"1":0,"2":0},"f":{},"b":{}}
,"/Users/jsilvli/clases/team-api/src/validations/schema-common-types.js": {"path":"/Users/jsilvli/clases/team-api/src/validations/schema-common-types.js","statementMap":{"0":{"start":{"line":3,"column":23},"end":{"line":3,"column":70}},"1":{"start":{"line":3,"column":34},"end":{"line":3,"column":70}},"2":{"start":{"line":4,"column":23},"end":{"line":4,"column":70}},"3":{"start":{"line":4,"column":34},"end":{"line":4,"column":70}},"4":{"start":{"line":5,"column":23},"end":{"line":5,"column":70}},"5":{"start":{"line":5,"column":34},"end":{"line":5,"column":70}},"6":{"start":{"line":6,"column":23},"end":{"line":6,"column":70}},"7":{"start":{"line":6,"column":34},"end":{"line":6,"column":70}},"8":{"start":{"line":7,"column":22},"end":{"line":7,"column":77}},"9":{"start":{"line":7,"column":33},"end":{"line":7,"column":77}}},"fnMap":{"0":{"name":"(anonymous_0)","decl":{"start":{"line":3,"column":23},"end":{"line":3,"column":24}},"loc":{"start":{"line":3,"column":34},"end":{"line":3,"column":70}},"line":3},"1":{"name":"(anonymous_1)","decl":{"start":{"line":4,"column":23},"end":{"line":4,"column":24}},"loc":{"start":{"line":4,"column":34},"end":{"line":4,"column":70}},"line":4},"2":{"name":"(anonymous_2)","decl":{"start":{"line":5,"column":23},"end":{"line":5,"column":24}},"loc":{"start":{"line":5,"column":34},"end":{"line":5,"column":70}},"line":5},"3":{"name":"(anonymous_3)","decl":{"start":{"line":6,"column":23},"end":{"line":6,"column":24}},"loc":{"start":{"line":6,"column":34},"end":{"line":6,"column":70}},"line":6},"4":{"name":"(anonymous_4)","decl":{"start":{"line":7,"column":22},"end":{"line":7,"column":23}},"loc":{"start":{"line":7,"column":33},"end":{"line":7,"column":77}},"line":7}},"branchMap":{},"s":{"0":0,"1":0,"2":0,"3":0,"4":0,"5":0,"6":0,"7":0,"8":0,"9":0},"f":{"0":0,"1":0,"2":0,"3":0,"4":0},"b":{}}
}
