TN:
SF:src/business-logic/club/create.js
FN:6,checkClubAdmin
FN:14,create
FNF:2
FNH:0
FNDA:0,checkClubAdmin
FNDA:0,create
DA:7,0
DA:9,0
DA:10,0
DA:15,0
DA:17,0
DA:19,0
DA:20,0
LF:7
LH:0
BRDA:9,0,0,0
BRDA:9,0,1,0
BRF:2
BRH:0
end_of_record
TN:
SF:src/business-logic/club/index.js
FNF:0
FNH:0
LF:0
LH:0
BRF:0
BRH:0
end_of_record
TN:
SF:src/business-logic/club/list.js
FN:3,list
FNF:1
FNH:0
FNDA:0,list
DA:4,0
DA:5,0
LF:2
LH:0
BRF:0
BRH:0
end_of_record
TN:
SF:src/business-logic/member/create.js
FN:6,checkClubExists
FN:14,create
FNF:2
FNH:0
FNDA:0,checkClubExists
FNDA:0,create
DA:7,0
DA:9,0
DA:10,0
DA:15,0
DA:17,0
DA:19,0
DA:20,0
LF:7
LH:0
BRDA:9,0,0,0
BRDA:9,0,1,0
BRF:2
BRH:0
end_of_record
TN:
SF:src/business-logic/member/index.js
FNF:0
FNH:0
LF:0
LH:0
BRF:0
BRH:0
end_of_record
TN:
SF:src/business-logic/member/list-by-club.js
FN:3,listByClub
FNF:1
FNH:0
FNDA:0,listByClub
DA:4,0
DA:5,0
LF:2
LH:0
BRF:0
BRH:0
end_of_record
TN:
SF:src/business-logic/users/index.js
FNF:0
FNH:0
LF:0
LH:0
BRF:0
BRH:0
end_of_record
TN:
SF:src/business-logic/users/list.js
FN:3,list
FNF:1
FNH:1
FNDA:2,list
DA:4,2
DA:5,2
LF:2
LH:2
BRF:0
BRH:0
end_of_record
TN:
SF:src/controllers/club/add-member.controller.js
FN:5,addMember
FNF:1
FNH:0
FNDA:0,addMember
DA:6,0
DA:7,0
DA:8,0
DA:10,0
DA:12,0
DA:14,0
LF:6
LH:0
BRF:0
BRH:0
end_of_record
TN:
SF:src/controllers/club/create.controller.js
FN:5,create
FNF:1
FNH:0
FNDA:0,create
DA:6,0
DA:7,0
DA:8,0
DA:10,0
DA:12,0
DA:14,0
DA:16,0
LF:7
LH:0
BRF:0
BRH:0
end_of_record
TN:
SF:src/controllers/club/index.js
FNF:0
FNH:0
LF:0
LH:0
BRF:0
BRH:0
end_of_record
TN:
SF:src/controllers/club/list-members.controller.js
FN:4,listMembers
FNF:1
FNH:0
FNDA:0,listMembers
DA:5,0
DA:6,0
DA:8,0
DA:10,0
DA:12,0
LF:5
LH:0
BRF:0
BRH:0
end_of_record
TN:
SF:src/controllers/club/list.controller.js
FN:4,list
FNF:1
FNH:0
FNDA:0,list
DA:5,0
DA:6,0
DA:8,0
DA:10,0
LF:4
LH:0
BRF:0
BRH:0
end_of_record
TN:
SF:src/controllers/user/index.js
FNF:0
FNH:0
LF:0
LH:0
BRF:0
BRH:0
end_of_record
TN:
SF:src/controllers/user/list.controller.js
FN:4,list
FNF:1
FNH:1
FNDA:3,list
DA:5,3
DA:6,3
DA:8,2
DA:10,1
LF:4
LH:4
BRF:0
BRH:0
end_of_record
TN:
SF:src/errors/club.errors.js
FNF:0
FNH:0
DA:3,0
LF:1
LH:0
BRF:0
BRH:0
end_of_record
TN:
SF:src/errors/common.messages.js
FN:6,(anonymous_0)
FN:14,(anonymous_1)
FN:23,(anonymous_2)
FNF:3
FNH:0
FNDA:0,(anonymous_0)
FNDA:0,(anonymous_1)
FNDA:0,(anonymous_2)
DA:6,0
DA:14,0
DA:15,0
DA:23,0
LF:4
LH:0
BRF:0
BRH:0
end_of_record
TN:
SF:src/errors/error-response.js
FN:4,(anonymous_0)
FN:18,returnErrorResponse
FNF:2
FNH:2
FNDA:1,(anonymous_0)
FNDA:1,returnErrorResponse
DA:5,1
DA:6,1
DA:7,1
DA:8,1
DA:19,1
DA:21,1
DA:22,1
DA:23,1
DA:33,0
LF:9
LH:8
BRDA:21,0,0,1
BRDA:21,0,1,0
BRF:2
BRH:1
end_of_record
TN:
SF:src/errors/member.errors.js
FNF:0
FNH:0
DA:3,0
LF:1
LH:0
BRF:0
BRH:0
end_of_record
TN:
SF:src/models/club/club.model.js
FNF:0
FNH:0
DA:4,0
LF:1
LH:0
BRF:0
BRH:0
end_of_record
TN:
SF:src/models/club/club.schema.js
FNF:0
FNH:0
DA:10,0
DA:33,0
LF:2
LH:0
BRF:0
BRH:0
end_of_record
TN:
SF:src/models/member/member.model.js
FNF:0
FNH:0
DA:4,0
LF:1
LH:0
BRF:0
BRH:0
end_of_record
TN:
SF:src/models/member/member.schema.js
FNF:0
FNH:0
DA:14,0
DA:46,0
LF:2
LH:0
BRF:0
BRH:0
end_of_record
TN:
SF:src/models/user/user.model.js
FNF:0
FNH:0
DA:4,1
LF:1
LH:1
BRF:0
BRH:0
end_of_record
TN:
SF:src/models/user/user.schema.js
FN:42,(anonymous_0)
FN:63,comparePassword
FNF:2
FNH:0
FNDA:0,(anonymous_0)
FNDA:0,comparePassword
DA:13,1
DA:42,1
DA:43,0
DA:46,0
DA:47,0
DA:51,0
DA:52,0
DA:54,0
DA:55,0
DA:64,0
DA:67,1
LF:11
LH:3
BRDA:46,0,0,0
BRDA:46,0,1,0
BRF:2
BRH:0
end_of_record
TN:
SF:src/validations/club.validations.js
FNF:0
FNH:0
DA:7,0
DA:8,0
DA:10,0
LF:3
LH:0
BRF:0
BRH:0
end_of_record
TN:
SF:src/validations/member.validations.js
FNF:0
FNH:0
DA:7,0
DA:8,0
DA:10,0
LF:3
LH:0
BRF:0
BRH:0
end_of_record
TN:
SF:src/validations/schema-common-types.js
FN:3,(anonymous_0)
FN:4,(anonymous_1)
FN:5,(anonymous_2)
FN:6,(anonymous_3)
FN:7,(anonymous_4)
FNF:5
FNH:0
FNDA:0,(anonymous_0)
FNDA:0,(anonymous_1)
FNDA:0,(anonymous_2)
FNDA:0,(anonymous_3)
FNDA:0,(anonymous_4)
DA:3,0
DA:4,0
DA:5,0
DA:6,0
DA:7,0
LF:5
LH:0
BRF:0
BRH:0
end_of_record
